[16.05.2021] [19:36:53] [WARN ] [org.reflections.Reflections]: could not get type for name javax.servlet.Filter from any class loader
org.reflections.ReflectionsException: could not get type for name javax.servlet.Filter
	at org.reflections.ReflectionUtils.forName(ReflectionUtils.java:312)
	at org.reflections.Reflections.expandSuperTypes(Reflections.java:382)
	at org.reflections.Reflections.<init>(Reflections.java:140)
	at sf.l2j.gameserver.GameServer.<clinit>(GameServer.java:97)
Caused by: java.lang.ClassNotFoundException: javax.servlet.Filter
	at java.base/jdk.internal.loader.BuiltinClassLoader.loadClass(BuiltinClassLoader.java:581)
	at java.base/jdk.internal.loader.ClassLoaders$AppClassLoader.loadClass(ClassLoaders.java:178)
	at java.base/java.lang.ClassLoader.loadClass(ClassLoader.java:521)
	at org.reflections.ReflectionUtils.forName(ReflectionUtils.java:310)
	... 3 common frames omitted
[16.05.2021] [19:36:53] [WARN ] [org.reflections.Reflections]: could not get type for name org.jboss.resource.adapter.jdbc.vendor.MySQLExceptionSorter from any class loader
org.reflections.ReflectionsException: could not get type for name org.jboss.resource.adapter.jdbc.vendor.MySQLExceptionSorter
	at org.reflections.ReflectionUtils.forName(ReflectionUtils.java:312)
	at org.reflections.Reflections.expandSuperTypes(Reflections.java:382)
	at org.reflections.Reflections.<init>(Reflections.java:140)
	at sf.l2j.gameserver.GameServer.<clinit>(GameServer.java:97)
Caused by: java.lang.ClassNotFoundException: org.jboss.resource.adapter.jdbc.vendor.MySQLExceptionSorter
	at java.base/jdk.internal.loader.BuiltinClassLoader.loadClass(BuiltinClassLoader.java:581)
	at java.base/jdk.internal.loader.ClassLoaders$AppClassLoader.loadClass(ClassLoaders.java:178)
	at java.base/java.lang.ClassLoader.loadClass(ClassLoader.java:521)
	at org.reflections.ReflectionUtils.forName(ReflectionUtils.java:310)
	... 3 common frames omitted
[16.05.2021] [19:36:53] [WARN ] [org.reflections.Reflections]: could not get type for name groovy.lang.Closure from any class loader
org.reflections.ReflectionsException: could not get type for name groovy.lang.Closure
	at org.reflections.ReflectionUtils.forName(ReflectionUtils.java:312)
	at org.reflections.Reflections.expandSuperTypes(Reflections.java:382)
	at org.reflections.Reflections.<init>(Reflections.java:140)
	at sf.l2j.gameserver.GameServer.<clinit>(GameServer.java:97)
Caused by: java.lang.ClassNotFoundException: groovy.lang.Closure
	at java.base/jdk.internal.loader.BuiltinClassLoader.loadClass(BuiltinClassLoader.java:581)
	at java.base/jdk.internal.loader.ClassLoaders$AppClassLoader.loadClass(ClassLoaders.java:178)
	at java.base/java.lang.ClassLoader.loadClass(ClassLoader.java:521)
	at org.reflections.ReflectionUtils.forName(ReflectionUtils.java:310)
	... 3 common frames omitted
[16.05.2021] [19:36:53] [WARN ] [org.reflections.Reflections]: could not get type for name org.apache.logging.log4j.core.appender.AbstractAppender from any class loader
org.reflections.ReflectionsException: could not get type for name org.apache.logging.log4j.core.appender.AbstractAppender
	at org.reflections.ReflectionUtils.forName(ReflectionUtils.java:312)
	at org.reflections.Reflections.expandSuperTypes(Reflections.java:382)
	at org.reflections.Reflections.<init>(Reflections.java:140)
	at sf.l2j.gameserver.GameServer.<clinit>(GameServer.java:97)
Caused by: java.lang.ClassNotFoundException: org.apache.logging.log4j.core.appender.AbstractAppender
	at java.base/jdk.internal.loader.BuiltinClassLoader.loadClass(BuiltinClassLoader.java:581)
	at java.base/jdk.internal.loader.ClassLoaders$AppClassLoader.loadClass(ClassLoaders.java:178)
	at java.base/java.lang.ClassLoader.loadClass(ClassLoader.java:521)
	at org.reflections.ReflectionUtils.forName(ReflectionUtils.java:310)
	... 3 common frames omitted
[16.05.2021] [19:36:53] [WARN ] [org.reflections.Reflections]: could not get type for name org.codehaus.groovy.runtime.GeneratedClosure from any class loader
org.reflections.ReflectionsException: could not get type for name org.codehaus.groovy.runtime.GeneratedClosure
	at org.reflections.ReflectionUtils.forName(ReflectionUtils.java:312)
	at org.reflections.Reflections.expandSuperTypes(Reflections.java:382)
	at org.reflections.Reflections.<init>(Reflections.java:140)
	at sf.l2j.gameserver.GameServer.<clinit>(GameServer.java:97)
Caused by: java.lang.ClassNotFoundException: org.codehaus.groovy.runtime.GeneratedClosure
	at java.base/jdk.internal.loader.BuiltinClassLoader.loadClass(BuiltinClassLoader.java:581)
	at java.base/jdk.internal.loader.ClassLoaders$AppClassLoader.loadClass(ClassLoaders.java:178)
	at java.base/java.lang.ClassLoader.loadClass(ClassLoader.java:521)
	at org.reflections.ReflectionUtils.forName(ReflectionUtils.java:310)
	... 3 common frames omitted
[16.05.2021] [19:36:53] [WARN ] [org.reflections.Reflections]: could not get type for name javax.servlet.ServletContextListener from any class loader
org.reflections.ReflectionsException: could not get type for name javax.servlet.ServletContextListener
	at org.reflections.ReflectionUtils.forName(ReflectionUtils.java:312)
	at org.reflections.Reflections.expandSuperTypes(Reflections.java:382)
	at org.reflections.Reflections.<init>(Reflections.java:140)
	at sf.l2j.gameserver.GameServer.<clinit>(GameServer.java:97)
Caused by: java.lang.ClassNotFoundException: javax.servlet.ServletContextListener
	at java.base/jdk.internal.loader.BuiltinClassLoader.loadClass(BuiltinClassLoader.java:581)
	at java.base/jdk.internal.loader.ClassLoaders$AppClassLoader.loadClass(ClassLoaders.java:178)
	at java.base/java.lang.ClassLoader.loadClass(ClassLoader.java:521)
	at org.reflections.ReflectionUtils.forName(ReflectionUtils.java:310)
	... 3 common frames omitted
[16.05.2021] [19:36:53] [WARN ] [org.reflections.Reflections]: could not get type for name lombok.core.configuration.ConfigurationKey from any class loader
org.reflections.ReflectionsException: could not get type for name lombok.core.configuration.ConfigurationKey
	at org.reflections.ReflectionUtils.forName(ReflectionUtils.java:312)
	at org.reflections.Reflections.expandSuperTypes(Reflections.java:382)
	at org.reflections.Reflections.<init>(Reflections.java:140)
	at sf.l2j.gameserver.GameServer.<clinit>(GameServer.java:97)
Caused by: java.lang.ClassNotFoundException: lombok.core.configuration.ConfigurationKey
	at java.base/jdk.internal.loader.BuiltinClassLoader.loadClass(BuiltinClassLoader.java:581)
	at java.base/jdk.internal.loader.ClassLoaders$AppClassLoader.loadClass(ClassLoaders.java:178)
	at java.base/java.lang.ClassLoader.loadClass(ClassLoader.java:521)
	at org.reflections.ReflectionUtils.forName(ReflectionUtils.java:310)
	... 3 common frames omitted
[16.05.2021] [19:36:53] [WARN ] [org.reflections.Reflections]: could not get type for name org.apache.tools.ant.Task from any class loader
org.reflections.ReflectionsException: could not get type for name org.apache.tools.ant.Task
	at org.reflections.ReflectionUtils.forName(ReflectionUtils.java:312)
	at org.reflections.Reflections.expandSuperTypes(Reflections.java:382)
	at org.reflections.Reflections.<init>(Reflections.java:140)
	at sf.l2j.gameserver.GameServer.<clinit>(GameServer.java:97)
Caused by: java.lang.ClassNotFoundException: org.apache.tools.ant.Task
	at java.base/jdk.internal.loader.BuiltinClassLoader.loadClass(BuiltinClassLoader.java:581)
	at java.base/jdk.internal.loader.ClassLoaders$AppClassLoader.loadClass(ClassLoaders.java:178)
	at java.base/java.lang.ClassLoader.loadClass(ClassLoader.java:521)
	at org.reflections.ReflectionUtils.forName(ReflectionUtils.java:310)
	... 3 common frames omitted
[16.05.2021] [19:36:53] [WARN ] [org.reflections.Reflections]: could not get type for name javax.mail.Authenticator from any class loader
org.reflections.ReflectionsException: could not get type for name javax.mail.Authenticator
	at org.reflections.ReflectionUtils.forName(ReflectionUtils.java:312)
	at org.reflections.Reflections.expandSuperTypes(Reflections.java:382)
	at org.reflections.Reflections.<init>(Reflections.java:140)
	at sf.l2j.gameserver.GameServer.<clinit>(GameServer.java:97)
Caused by: java.lang.ClassNotFoundException: javax.mail.Authenticator
	at java.base/jdk.internal.loader.BuiltinClassLoader.loadClass(BuiltinClassLoader.java:581)
	at java.base/jdk.internal.loader.ClassLoaders$AppClassLoader.loadClass(ClassLoaders.java:178)
	at java.base/java.lang.ClassLoader.loadClass(ClassLoader.java:521)
	at org.reflections.ReflectionUtils.forName(ReflectionUtils.java:310)
	... 3 common frames omitted
[16.05.2021] [19:36:53] [WARN ] [org.reflections.Reflections]: could not get type for name javax.servlet.http.HttpServlet from any class loader
org.reflections.ReflectionsException: could not get type for name javax.servlet.http.HttpServlet
	at org.reflections.ReflectionUtils.forName(ReflectionUtils.java:312)
	at org.reflections.Reflections.expandSuperTypes(Reflections.java:382)
	at org.reflections.Reflections.<init>(Reflections.java:140)
	at sf.l2j.gameserver.GameServer.<clinit>(GameServer.java:97)
Caused by: java.lang.ClassNotFoundException: javax.servlet.http.HttpServlet
	at java.base/jdk.internal.loader.BuiltinClassLoader.loadClass(BuiltinClassLoader.java:581)
	at java.base/jdk.internal.loader.ClassLoaders$AppClassLoader.loadClass(ClassLoaders.java:178)
	at java.base/java.lang.ClassLoader.loadClass(ClassLoader.java:521)
	at org.reflections.ReflectionUtils.forName(ReflectionUtils.java:310)
	... 3 common frames omitted
[16.05.2021] [19:36:53] [WARN ] [org.reflections.Reflections]: could not get type for name groovy.lang.GroovyObject from any class loader
org.reflections.ReflectionsException: could not get type for name groovy.lang.GroovyObject
	at org.reflections.ReflectionUtils.forName(ReflectionUtils.java:312)
	at org.reflections.Reflections.expandSuperTypes(Reflections.java:382)
	at org.reflections.Reflections.<init>(Reflections.java:140)
	at sf.l2j.gameserver.GameServer.<clinit>(GameServer.java:97)
Caused by: java.lang.ClassNotFoundException: groovy.lang.GroovyObject
	at java.base/jdk.internal.loader.BuiltinClassLoader.loadClass(BuiltinClassLoader.java:581)
	at java.base/jdk.internal.loader.ClassLoaders$AppClassLoader.loadClass(ClassLoaders.java:178)
	at java.base/java.lang.ClassLoader.loadClass(ClassLoader.java:521)
	at org.reflections.ReflectionUtils.forName(ReflectionUtils.java:310)
	... 3 common frames omitted
[16.05.2021] [19:36:53] [WARN ] [org.reflections.Reflections]: could not get type for name org.jboss.resource.adapter.jdbc.ValidConnectionChecker from any class loader
org.reflections.ReflectionsException: could not get type for name org.jboss.resource.adapter.jdbc.ValidConnectionChecker
	at org.reflections.ReflectionUtils.forName(ReflectionUtils.java:312)
	at org.reflections.Reflections.expandSuperTypes(Reflections.java:382)
	at org.reflections.Reflections.<init>(Reflections.java:140)
	at sf.l2j.gameserver.GameServer.<clinit>(GameServer.java:97)
Caused by: java.lang.ClassNotFoundException: org.jboss.resource.adapter.jdbc.ValidConnectionChecker
	at java.base/jdk.internal.loader.BuiltinClassLoader.loadClass(BuiltinClassLoader.java:581)
	at java.base/jdk.internal.loader.ClassLoaders$AppClassLoader.loadClass(ClassLoaders.java:178)
	at java.base/java.lang.ClassLoader.loadClass(ClassLoader.java:521)
	at org.reflections.ReflectionUtils.forName(ReflectionUtils.java:310)
	... 3 common frames omitted
[16.05.2021] [19:36:53] [WARN ] [org.reflections.Reflections]: could not get type for name javax.servlet.ServletContainerInitializer from any class loader
org.reflections.ReflectionsException: could not get type for name javax.servlet.ServletContainerInitializer
	at org.reflections.ReflectionUtils.forName(ReflectionUtils.java:312)
	at org.reflections.Reflections.expandSuperTypes(Reflections.java:382)
	at org.reflections.Reflections.<init>(Reflections.java:140)
	at sf.l2j.gameserver.GameServer.<clinit>(GameServer.java:97)
Caused by: java.lang.ClassNotFoundException: javax.servlet.ServletContainerInitializer
	at java.base/jdk.internal.loader.BuiltinClassLoader.loadClass(BuiltinClassLoader.java:581)
	at java.base/jdk.internal.loader.ClassLoaders$AppClassLoader.loadClass(ClassLoaders.java:178)
	at java.base/java.lang.ClassLoader.loadClass(ClassLoader.java:521)
	at org.reflections.ReflectionUtils.forName(ReflectionUtils.java:310)
	... 3 common frames omitted
[16.05.2021] [19:36:53] [WARN ] [sf.l2j.Config]: Config: Error loading "./config/hexid.txt" config.
[16.05.2021] [19:37:19] [WARN ] [org.reflections.Reflections]: could not get type for name javax.servlet.Filter from any class loader
org.reflections.ReflectionsException: could not get type for name javax.servlet.Filter
	at org.reflections.ReflectionUtils.forName(ReflectionUtils.java:312)
	at org.reflections.Reflections.expandSuperTypes(Reflections.java:382)
	at org.reflections.Reflections.<init>(Reflections.java:140)
	at sf.l2j.gameserver.GameServer.<clinit>(GameServer.java:97)
Caused by: java.lang.ClassNotFoundException: javax.servlet.Filter
	at java.base/jdk.internal.loader.BuiltinClassLoader.loadClass(BuiltinClassLoader.java:581)
	at java.base/jdk.internal.loader.ClassLoaders$AppClassLoader.loadClass(ClassLoaders.java:178)
	at java.base/java.lang.ClassLoader.loadClass(ClassLoader.java:521)
	at org.reflections.ReflectionUtils.forName(ReflectionUtils.java:310)
	... 3 common frames omitted
[16.05.2021] [19:37:19] [WARN ] [org.reflections.Reflections]: could not get type for name org.jboss.resource.adapter.jdbc.vendor.MySQLExceptionSorter from any class loader
org.reflections.ReflectionsException: could not get type for name org.jboss.resource.adapter.jdbc.vendor.MySQLExceptionSorter
	at org.reflections.ReflectionUtils.forName(ReflectionUtils.java:312)
	at org.reflections.Reflections.expandSuperTypes(Reflections.java:382)
	at org.reflections.Reflections.<init>(Reflections.java:140)
	at sf.l2j.gameserver.GameServer.<clinit>(GameServer.java:97)
Caused by: java.lang.ClassNotFoundException: org.jboss.resource.adapter.jdbc.vendor.MySQLExceptionSorter
	at java.base/jdk.internal.loader.BuiltinClassLoader.loadClass(BuiltinClassLoader.java:581)
	at java.base/jdk.internal.loader.ClassLoaders$AppClassLoader.loadClass(ClassLoaders.java:178)
	at java.base/java.lang.ClassLoader.loadClass(ClassLoader.java:521)
	at org.reflections.ReflectionUtils.forName(ReflectionUtils.java:310)
	... 3 common frames omitted
[16.05.2021] [19:37:19] [WARN ] [org.reflections.Reflections]: could not get type for name groovy.lang.Closure from any class loader
org.reflections.ReflectionsException: could not get type for name groovy.lang.Closure
	at org.reflections.ReflectionUtils.forName(ReflectionUtils.java:312)
	at org.reflections.Reflections.expandSuperTypes(Reflections.java:382)
	at org.reflections.Reflections.<init>(Reflections.java:140)
	at sf.l2j.gameserver.GameServer.<clinit>(GameServer.java:97)
Caused by: java.lang.ClassNotFoundException: groovy.lang.Closure
	at java.base/jdk.internal.loader.BuiltinClassLoader.loadClass(BuiltinClassLoader.java:581)
	at java.base/jdk.internal.loader.ClassLoaders$AppClassLoader.loadClass(ClassLoaders.java:178)
	at java.base/java.lang.ClassLoader.loadClass(ClassLoader.java:521)
	at org.reflections.ReflectionUtils.forName(ReflectionUtils.java:310)
	... 3 common frames omitted
[16.05.2021] [19:37:19] [WARN ] [org.reflections.Reflections]: could not get type for name org.apache.logging.log4j.core.appender.AbstractAppender from any class loader
org.reflections.ReflectionsException: could not get type for name org.apache.logging.log4j.core.appender.AbstractAppender
	at org.reflections.ReflectionUtils.forName(ReflectionUtils.java:312)
	at org.reflections.Reflections.expandSuperTypes(Reflections.java:382)
	at org.reflections.Reflections.<init>(Reflections.java:140)
	at sf.l2j.gameserver.GameServer.<clinit>(GameServer.java:97)
Caused by: java.lang.ClassNotFoundException: org.apache.logging.log4j.core.appender.AbstractAppender
	at java.base/jdk.internal.loader.BuiltinClassLoader.loadClass(BuiltinClassLoader.java:581)
	at java.base/jdk.internal.loader.ClassLoaders$AppClassLoader.loadClass(ClassLoaders.java:178)
	at java.base/java.lang.ClassLoader.loadClass(ClassLoader.java:521)
	at org.reflections.ReflectionUtils.forName(ReflectionUtils.java:310)
	... 3 common frames omitted
[16.05.2021] [19:37:19] [WARN ] [org.reflections.Reflections]: could not get type for name org.codehaus.groovy.runtime.GeneratedClosure from any class loader
org.reflections.ReflectionsException: could not get type for name org.codehaus.groovy.runtime.GeneratedClosure
	at org.reflections.ReflectionUtils.forName(ReflectionUtils.java:312)
	at org.reflections.Reflections.expandSuperTypes(Reflections.java:382)
	at org.reflections.Reflections.<init>(Reflections.java:140)
	at sf.l2j.gameserver.GameServer.<clinit>(GameServer.java:97)
Caused by: java.lang.ClassNotFoundException: org.codehaus.groovy.runtime.GeneratedClosure
	at java.base/jdk.internal.loader.BuiltinClassLoader.loadClass(BuiltinClassLoader.java:581)
	at java.base/jdk.internal.loader.ClassLoaders$AppClassLoader.loadClass(ClassLoaders.java:178)
	at java.base/java.lang.ClassLoader.loadClass(ClassLoader.java:521)
	at org.reflections.ReflectionUtils.forName(ReflectionUtils.java:310)
	... 3 common frames omitted
[16.05.2021] [19:37:19] [WARN ] [org.reflections.Reflections]: could not get type for name javax.servlet.ServletContextListener from any class loader
org.reflections.ReflectionsException: could not get type for name javax.servlet.ServletContextListener
	at org.reflections.ReflectionUtils.forName(ReflectionUtils.java:312)
	at org.reflections.Reflections.expandSuperTypes(Reflections.java:382)
	at org.reflections.Reflections.<init>(Reflections.java:140)
	at sf.l2j.gameserver.GameServer.<clinit>(GameServer.java:97)
Caused by: java.lang.ClassNotFoundException: javax.servlet.ServletContextListener
	at java.base/jdk.internal.loader.BuiltinClassLoader.loadClass(BuiltinClassLoader.java:581)
	at java.base/jdk.internal.loader.ClassLoaders$AppClassLoader.loadClass(ClassLoaders.java:178)
	at java.base/java.lang.ClassLoader.loadClass(ClassLoader.java:521)
	at org.reflections.ReflectionUtils.forName(ReflectionUtils.java:310)
	... 3 common frames omitted
[16.05.2021] [19:37:19] [WARN ] [org.reflections.Reflections]: could not get type for name lombok.core.configuration.ConfigurationKey from any class loader
org.reflections.ReflectionsException: could not get type for name lombok.core.configuration.ConfigurationKey
	at org.reflections.ReflectionUtils.forName(ReflectionUtils.java:312)
	at org.reflections.Reflections.expandSuperTypes(Reflections.java:382)
	at org.reflections.Reflections.<init>(Reflections.java:140)
	at sf.l2j.gameserver.GameServer.<clinit>(GameServer.java:97)
Caused by: java.lang.ClassNotFoundException: lombok.core.configuration.ConfigurationKey
	at java.base/jdk.internal.loader.BuiltinClassLoader.loadClass(BuiltinClassLoader.java:581)
	at java.base/jdk.internal.loader.ClassLoaders$AppClassLoader.loadClass(ClassLoaders.java:178)
	at java.base/java.lang.ClassLoader.loadClass(ClassLoader.java:521)
	at org.reflections.ReflectionUtils.forName(ReflectionUtils.java:310)
	... 3 common frames omitted
[16.05.2021] [19:37:19] [WARN ] [org.reflections.Reflections]: could not get type for name org.apache.tools.ant.Task from any class loader
org.reflections.ReflectionsException: could not get type for name org.apache.tools.ant.Task
	at org.reflections.ReflectionUtils.forName(ReflectionUtils.java:312)
	at org.reflections.Reflections.expandSuperTypes(Reflections.java:382)
	at org.reflections.Reflections.<init>(Reflections.java:140)
	at sf.l2j.gameserver.GameServer.<clinit>(GameServer.java:97)
Caused by: java.lang.ClassNotFoundException: org.apache.tools.ant.Task
	at java.base/jdk.internal.loader.BuiltinClassLoader.loadClass(BuiltinClassLoader.java:581)
	at java.base/jdk.internal.loader.ClassLoaders$AppClassLoader.loadClass(ClassLoaders.java:178)
	at java.base/java.lang.ClassLoader.loadClass(ClassLoader.java:521)
	at org.reflections.ReflectionUtils.forName(ReflectionUtils.java:310)
	... 3 common frames omitted
[16.05.2021] [19:37:19] [WARN ] [org.reflections.Reflections]: could not get type for name javax.mail.Authenticator from any class loader
org.reflections.ReflectionsException: could not get type for name javax.mail.Authenticator
	at org.reflections.ReflectionUtils.forName(ReflectionUtils.java:312)
	at org.reflections.Reflections.expandSuperTypes(Reflections.java:382)
	at org.reflections.Reflections.<init>(Reflections.java:140)
	at sf.l2j.gameserver.GameServer.<clinit>(GameServer.java:97)
Caused by: java.lang.ClassNotFoundException: javax.mail.Authenticator
	at java.base/jdk.internal.loader.BuiltinClassLoader.loadClass(BuiltinClassLoader.java:581)
	at java.base/jdk.internal.loader.ClassLoaders$AppClassLoader.loadClass(ClassLoaders.java:178)
	at java.base/java.lang.ClassLoader.loadClass(ClassLoader.java:521)
	at org.reflections.ReflectionUtils.forName(ReflectionUtils.java:310)
	... 3 common frames omitted
[16.05.2021] [19:37:19] [WARN ] [org.reflections.Reflections]: could not get type for name javax.servlet.http.HttpServlet from any class loader
org.reflections.ReflectionsException: could not get type for name javax.servlet.http.HttpServlet
	at org.reflections.ReflectionUtils.forName(ReflectionUtils.java:312)
	at org.reflections.Reflections.expandSuperTypes(Reflections.java:382)
	at org.reflections.Reflections.<init>(Reflections.java:140)
	at sf.l2j.gameserver.GameServer.<clinit>(GameServer.java:97)
Caused by: java.lang.ClassNotFoundException: javax.servlet.http.HttpServlet
	at java.base/jdk.internal.loader.BuiltinClassLoader.loadClass(BuiltinClassLoader.java:581)
	at java.base/jdk.internal.loader.ClassLoaders$AppClassLoader.loadClass(ClassLoaders.java:178)
	at java.base/java.lang.ClassLoader.loadClass(ClassLoader.java:521)
	at org.reflections.ReflectionUtils.forName(ReflectionUtils.java:310)
	... 3 common frames omitted
[16.05.2021] [19:37:19] [WARN ] [org.reflections.Reflections]: could not get type for name groovy.lang.GroovyObject from any class loader
org.reflections.ReflectionsException: could not get type for name groovy.lang.GroovyObject
	at org.reflections.ReflectionUtils.forName(ReflectionUtils.java:312)
	at org.reflections.Reflections.expandSuperTypes(Reflections.java:382)
	at org.reflections.Reflections.<init>(Reflections.java:140)
	at sf.l2j.gameserver.GameServer.<clinit>(GameServer.java:97)
Caused by: java.lang.ClassNotFoundException: groovy.lang.GroovyObject
	at java.base/jdk.internal.loader.BuiltinClassLoader.loadClass(BuiltinClassLoader.java:581)
	at java.base/jdk.internal.loader.ClassLoaders$AppClassLoader.loadClass(ClassLoaders.java:178)
	at java.base/java.lang.ClassLoader.loadClass(ClassLoader.java:521)
	at org.reflections.ReflectionUtils.forName(ReflectionUtils.java:310)
	... 3 common frames omitted
[16.05.2021] [19:37:19] [WARN ] [org.reflections.Reflections]: could not get type for name org.jboss.resource.adapter.jdbc.ValidConnectionChecker from any class loader
org.reflections.ReflectionsException: could not get type for name org.jboss.resource.adapter.jdbc.ValidConnectionChecker
	at org.reflections.ReflectionUtils.forName(ReflectionUtils.java:312)
	at org.reflections.Reflections.expandSuperTypes(Reflections.java:382)
	at org.reflections.Reflections.<init>(Reflections.java:140)
	at sf.l2j.gameserver.GameServer.<clinit>(GameServer.java:97)
Caused by: java.lang.ClassNotFoundException: org.jboss.resource.adapter.jdbc.ValidConnectionChecker
	at java.base/jdk.internal.loader.BuiltinClassLoader.loadClass(BuiltinClassLoader.java:581)
	at java.base/jdk.internal.loader.ClassLoaders$AppClassLoader.loadClass(ClassLoaders.java:178)
	at java.base/java.lang.ClassLoader.loadClass(ClassLoader.java:521)
	at org.reflections.ReflectionUtils.forName(ReflectionUtils.java:310)
	... 3 common frames omitted
[16.05.2021] [19:37:19] [WARN ] [org.reflections.Reflections]: could not get type for name javax.servlet.ServletContainerInitializer from any class loader
org.reflections.ReflectionsException: could not get type for name javax.servlet.ServletContainerInitializer
	at org.reflections.ReflectionUtils.forName(ReflectionUtils.java:312)
	at org.reflections.Reflections.expandSuperTypes(Reflections.java:382)
	at org.reflections.Reflections.<init>(Reflections.java:140)
	at sf.l2j.gameserver.GameServer.<clinit>(GameServer.java:97)
Caused by: java.lang.ClassNotFoundException: javax.servlet.ServletContainerInitializer
	at java.base/jdk.internal.loader.BuiltinClassLoader.loadClass(BuiltinClassLoader.java:581)
	at java.base/jdk.internal.loader.ClassLoaders$AppClassLoader.loadClass(ClassLoaders.java:178)
	at java.base/java.lang.ClassLoader.loadClass(ClassLoader.java:521)
	at org.reflections.ReflectionUtils.forName(ReflectionUtils.java:310)
	... 3 common frames omitted
[16.05.2021] [19:37:42] [WARN ] [org.reflections.Reflections]: could not get type for name javax.servlet.Filter from any class loader
org.reflections.ReflectionsException: could not get type for name javax.servlet.Filter
	at org.reflections.ReflectionUtils.forName(ReflectionUtils.java:312)
	at org.reflections.Reflections.expandSuperTypes(Reflections.java:382)
	at org.reflections.Reflections.<init>(Reflections.java:140)
	at sf.l2j.gameserver.GameServer.<clinit>(GameServer.java:97)
Caused by: java.lang.ClassNotFoundException: javax.servlet.Filter
	at java.base/jdk.internal.loader.BuiltinClassLoader.loadClass(BuiltinClassLoader.java:581)
	at java.base/jdk.internal.loader.ClassLoaders$AppClassLoader.loadClass(ClassLoaders.java:178)
	at java.base/java.lang.ClassLoader.loadClass(ClassLoader.java:521)
	at org.reflections.ReflectionUtils.forName(ReflectionUtils.java:310)
	... 3 common frames omitted
[16.05.2021] [19:37:42] [WARN ] [org.reflections.Reflections]: could not get type for name org.jboss.resource.adapter.jdbc.vendor.MySQLExceptionSorter from any class loader
org.reflections.ReflectionsException: could not get type for name org.jboss.resource.adapter.jdbc.vendor.MySQLExceptionSorter
	at org.reflections.ReflectionUtils.forName(ReflectionUtils.java:312)
	at org.reflections.Reflections.expandSuperTypes(Reflections.java:382)
	at org.reflections.Reflections.<init>(Reflections.java:140)
	at sf.l2j.gameserver.GameServer.<clinit>(GameServer.java:97)
Caused by: java.lang.ClassNotFoundException: org.jboss.resource.adapter.jdbc.vendor.MySQLExceptionSorter
	at java.base/jdk.internal.loader.BuiltinClassLoader.loadClass(BuiltinClassLoader.java:581)
	at java.base/jdk.internal.loader.ClassLoaders$AppClassLoader.loadClass(ClassLoaders.java:178)
	at java.base/java.lang.ClassLoader.loadClass(ClassLoader.java:521)
	at org.reflections.ReflectionUtils.forName(ReflectionUtils.java:310)
	... 3 common frames omitted
[16.05.2021] [19:37:42] [WARN ] [org.reflections.Reflections]: could not get type for name groovy.lang.Closure from any class loader
org.reflections.ReflectionsException: could not get type for name groovy.lang.Closure
	at org.reflections.ReflectionUtils.forName(ReflectionUtils.java:312)
	at org.reflections.Reflections.expandSuperTypes(Reflections.java:382)
	at org.reflections.Reflections.<init>(Reflections.java:140)
	at sf.l2j.gameserver.GameServer.<clinit>(GameServer.java:97)
Caused by: java.lang.ClassNotFoundException: groovy.lang.Closure
	at java.base/jdk.internal.loader.BuiltinClassLoader.loadClass(BuiltinClassLoader.java:581)
	at java.base/jdk.internal.loader.ClassLoaders$AppClassLoader.loadClass(ClassLoaders.java:178)
	at java.base/java.lang.ClassLoader.loadClass(ClassLoader.java:521)
	at org.reflections.ReflectionUtils.forName(ReflectionUtils.java:310)
	... 3 common frames omitted
[16.05.2021] [19:37:42] [WARN ] [org.reflections.Reflections]: could not get type for name org.apache.logging.log4j.core.appender.AbstractAppender from any class loader
org.reflections.ReflectionsException: could not get type for name org.apache.logging.log4j.core.appender.AbstractAppender
	at org.reflections.ReflectionUtils.forName(ReflectionUtils.java:312)
	at org.reflections.Reflections.expandSuperTypes(Reflections.java:382)
	at org.reflections.Reflections.<init>(Reflections.java:140)
	at sf.l2j.gameserver.GameServer.<clinit>(GameServer.java:97)
Caused by: java.lang.ClassNotFoundException: org.apache.logging.log4j.core.appender.AbstractAppender
	at java.base/jdk.internal.loader.BuiltinClassLoader.loadClass(BuiltinClassLoader.java:581)
	at java.base/jdk.internal.loader.ClassLoaders$AppClassLoader.loadClass(ClassLoaders.java:178)
	at java.base/java.lang.ClassLoader.loadClass(ClassLoader.java:521)
	at org.reflections.ReflectionUtils.forName(ReflectionUtils.java:310)
	... 3 common frames omitted
[16.05.2021] [19:37:42] [WARN ] [org.reflections.Reflections]: could not get type for name org.codehaus.groovy.runtime.GeneratedClosure from any class loader
org.reflections.ReflectionsException: could not get type for name org.codehaus.groovy.runtime.GeneratedClosure
	at org.reflections.ReflectionUtils.forName(ReflectionUtils.java:312)
	at org.reflections.Reflections.expandSuperTypes(Reflections.java:382)
	at org.reflections.Reflections.<init>(Reflections.java:140)
	at sf.l2j.gameserver.GameServer.<clinit>(GameServer.java:97)
Caused by: java.lang.ClassNotFoundException: org.codehaus.groovy.runtime.GeneratedClosure
	at java.base/jdk.internal.loader.BuiltinClassLoader.loadClass(BuiltinClassLoader.java:581)
	at java.base/jdk.internal.loader.ClassLoaders$AppClassLoader.loadClass(ClassLoaders.java:178)
	at java.base/java.lang.ClassLoader.loadClass(ClassLoader.java:521)
	at org.reflections.ReflectionUtils.forName(ReflectionUtils.java:310)
	... 3 common frames omitted
[16.05.2021] [19:37:42] [WARN ] [org.reflections.Reflections]: could not get type for name javax.servlet.ServletContextListener from any class loader
org.reflections.ReflectionsException: could not get type for name javax.servlet.ServletContextListener
	at org.reflections.ReflectionUtils.forName(ReflectionUtils.java:312)
	at org.reflections.Reflections.expandSuperTypes(Reflections.java:382)
	at org.reflections.Reflections.<init>(Reflections.java:140)
	at sf.l2j.gameserver.GameServer.<clinit>(GameServer.java:97)
Caused by: java.lang.ClassNotFoundException: javax.servlet.ServletContextListener
	at java.base/jdk.internal.loader.BuiltinClassLoader.loadClass(BuiltinClassLoader.java:581)
	at java.base/jdk.internal.loader.ClassLoaders$AppClassLoader.loadClass(ClassLoaders.java:178)
	at java.base/java.lang.ClassLoader.loadClass(ClassLoader.java:521)
	at org.reflections.ReflectionUtils.forName(ReflectionUtils.java:310)
	... 3 common frames omitted
[16.05.2021] [19:37:42] [WARN ] [org.reflections.Reflections]: could not get type for name lombok.core.configuration.ConfigurationKey from any class loader
org.reflections.ReflectionsException: could not get type for name lombok.core.configuration.ConfigurationKey
	at org.reflections.ReflectionUtils.forName(ReflectionUtils.java:312)
	at org.reflections.Reflections.expandSuperTypes(Reflections.java:382)
	at org.reflections.Reflections.<init>(Reflections.java:140)
	at sf.l2j.gameserver.GameServer.<clinit>(GameServer.java:97)
Caused by: java.lang.ClassNotFoundException: lombok.core.configuration.ConfigurationKey
	at java.base/jdk.internal.loader.BuiltinClassLoader.loadClass(BuiltinClassLoader.java:581)
	at java.base/jdk.internal.loader.ClassLoaders$AppClassLoader.loadClass(ClassLoaders.java:178)
	at java.base/java.lang.ClassLoader.loadClass(ClassLoader.java:521)
	at org.reflections.ReflectionUtils.forName(ReflectionUtils.java:310)
	... 3 common frames omitted
[16.05.2021] [19:37:42] [WARN ] [org.reflections.Reflections]: could not get type for name org.apache.tools.ant.Task from any class loader
org.reflections.ReflectionsException: could not get type for name org.apache.tools.ant.Task
	at org.reflections.ReflectionUtils.forName(ReflectionUtils.java:312)
	at org.reflections.Reflections.expandSuperTypes(Reflections.java:382)
	at org.reflections.Reflections.<init>(Reflections.java:140)
	at sf.l2j.gameserver.GameServer.<clinit>(GameServer.java:97)
Caused by: java.lang.ClassNotFoundException: org.apache.tools.ant.Task
	at java.base/jdk.internal.loader.BuiltinClassLoader.loadClass(BuiltinClassLoader.java:581)
	at java.base/jdk.internal.loader.ClassLoaders$AppClassLoader.loadClass(ClassLoaders.java:178)
	at java.base/java.lang.ClassLoader.loadClass(ClassLoader.java:521)
	at org.reflections.ReflectionUtils.forName(ReflectionUtils.java:310)
	... 3 common frames omitted
[16.05.2021] [19:37:42] [WARN ] [org.reflections.Reflections]: could not get type for name javax.mail.Authenticator from any class loader
org.reflections.ReflectionsException: could not get type for name javax.mail.Authenticator
	at org.reflections.ReflectionUtils.forName(ReflectionUtils.java:312)
	at org.reflections.Reflections.expandSuperTypes(Reflections.java:382)
	at org.reflections.Reflections.<init>(Reflections.java:140)
	at sf.l2j.gameserver.GameServer.<clinit>(GameServer.java:97)
Caused by: java.lang.ClassNotFoundException: javax.mail.Authenticator
	at java.base/jdk.internal.loader.BuiltinClassLoader.loadClass(BuiltinClassLoader.java:581)
	at java.base/jdk.internal.loader.ClassLoaders$AppClassLoader.loadClass(ClassLoaders.java:178)
	at java.base/java.lang.ClassLoader.loadClass(ClassLoader.java:521)
	at org.reflections.ReflectionUtils.forName(ReflectionUtils.java:310)
	... 3 common frames omitted
[16.05.2021] [19:37:42] [WARN ] [org.reflections.Reflections]: could not get type for name javax.servlet.http.HttpServlet from any class loader
org.reflections.ReflectionsException: could not get type for name javax.servlet.http.HttpServlet
	at org.reflections.ReflectionUtils.forName(ReflectionUtils.java:312)
	at org.reflections.Reflections.expandSuperTypes(Reflections.java:382)
	at org.reflections.Reflections.<init>(Reflections.java:140)
	at sf.l2j.gameserver.GameServer.<clinit>(GameServer.java:97)
Caused by: java.lang.ClassNotFoundException: javax.servlet.http.HttpServlet
	at java.base/jdk.internal.loader.BuiltinClassLoader.loadClass(BuiltinClassLoader.java:581)
	at java.base/jdk.internal.loader.ClassLoaders$AppClassLoader.loadClass(ClassLoaders.java:178)
	at java.base/java.lang.ClassLoader.loadClass(ClassLoader.java:521)
	at org.reflections.ReflectionUtils.forName(ReflectionUtils.java:310)
	... 3 common frames omitted
[16.05.2021] [19:37:42] [WARN ] [org.reflections.Reflections]: could not get type for name groovy.lang.GroovyObject from any class loader
org.reflections.ReflectionsException: could not get type for name groovy.lang.GroovyObject
	at org.reflections.ReflectionUtils.forName(ReflectionUtils.java:312)
	at org.reflections.Reflections.expandSuperTypes(Reflections.java:382)
	at org.reflections.Reflections.<init>(Reflections.java:140)
	at sf.l2j.gameserver.GameServer.<clinit>(GameServer.java:97)
Caused by: java.lang.ClassNotFoundException: groovy.lang.GroovyObject
	at java.base/jdk.internal.loader.BuiltinClassLoader.loadClass(BuiltinClassLoader.java:581)
	at java.base/jdk.internal.loader.ClassLoaders$AppClassLoader.loadClass(ClassLoaders.java:178)
	at java.base/java.lang.ClassLoader.loadClass(ClassLoader.java:521)
	at org.reflections.ReflectionUtils.forName(ReflectionUtils.java:310)
	... 3 common frames omitted
[16.05.2021] [19:37:42] [WARN ] [org.reflections.Reflections]: could not get type for name org.jboss.resource.adapter.jdbc.ValidConnectionChecker from any class loader
org.reflections.ReflectionsException: could not get type for name org.jboss.resource.adapter.jdbc.ValidConnectionChecker
	at org.reflections.ReflectionUtils.forName(ReflectionUtils.java:312)
	at org.reflections.Reflections.expandSuperTypes(Reflections.java:382)
	at org.reflections.Reflections.<init>(Reflections.java:140)
	at sf.l2j.gameserver.GameServer.<clinit>(GameServer.java:97)
Caused by: java.lang.ClassNotFoundException: org.jboss.resource.adapter.jdbc.ValidConnectionChecker
	at java.base/jdk.internal.loader.BuiltinClassLoader.loadClass(BuiltinClassLoader.java:581)
	at java.base/jdk.internal.loader.ClassLoaders$AppClassLoader.loadClass(ClassLoaders.java:178)
	at java.base/java.lang.ClassLoader.loadClass(ClassLoader.java:521)
	at org.reflections.ReflectionUtils.forName(ReflectionUtils.java:310)
	... 3 common frames omitted
[16.05.2021] [19:37:42] [WARN ] [org.reflections.Reflections]: could not get type for name javax.servlet.ServletContainerInitializer from any class loader
org.reflections.ReflectionsException: could not get type for name javax.servlet.ServletContainerInitializer
	at org.reflections.ReflectionUtils.forName(ReflectionUtils.java:312)
	at org.reflections.Reflections.expandSuperTypes(Reflections.java:382)
	at org.reflections.Reflections.<init>(Reflections.java:140)
	at sf.l2j.gameserver.GameServer.<clinit>(GameServer.java:97)
Caused by: java.lang.ClassNotFoundException: javax.servlet.ServletContainerInitializer
	at java.base/jdk.internal.loader.BuiltinClassLoader.loadClass(BuiltinClassLoader.java:581)
	at java.base/jdk.internal.loader.ClassLoaders$AppClassLoader.loadClass(ClassLoaders.java:178)
	at java.base/java.lang.ClassLoader.loadClass(ClassLoader.java:521)
	at org.reflections.ReflectionUtils.forName(ReflectionUtils.java:310)
	... 3 common frames omitted
[16.05.2021] [19:38:49] [ERROR] [sf.l2j.gameserver.GameServer]: FATAL: Failed to open server socket. Reason: Address already in use: bind
java.net.BindException: Address already in use: bind
	at java.base/sun.nio.ch.Net.bind0(Native Method)
	at java.base/sun.nio.ch.Net.bind(Net.java:461)
	at java.base/sun.nio.ch.Net.bind(Net.java:453)
	at java.base/sun.nio.ch.ServerSocketChannelImpl.bind(ServerSocketChannelImpl.java:227)
	at java.base/sun.nio.ch.ServerSocketAdaptor.bind(ServerSocketAdaptor.java:80)
	at java.base/sun.nio.ch.ServerSocketAdaptor.bind(ServerSocketAdaptor.java:73)
	at sf.l2j.commons.mmocore.SelectorThread.openServerSocket(SelectorThread.java:102)
	at sf.l2j.gameserver.GameServer.load(GameServer.java:312)
	at sf.l2j.gameserver.GameServer.main(GameServer.java:103)
[16.05.2021] [19:39:16] [ERROR] [sf.l2j.gameserver.GameServer]: FATAL: Failed to open server socket. Reason: Address already in use: bind
java.net.BindException: Address already in use: bind
	at java.base/sun.nio.ch.Net.bind0(Native Method)
	at java.base/sun.nio.ch.Net.bind(Net.java:461)
	at java.base/sun.nio.ch.Net.bind(Net.java:453)
	at java.base/sun.nio.ch.ServerSocketChannelImpl.bind(ServerSocketChannelImpl.java:227)
	at java.base/sun.nio.ch.ServerSocketAdaptor.bind(ServerSocketAdaptor.java:80)
	at java.base/sun.nio.ch.ServerSocketAdaptor.bind(ServerSocketAdaptor.java:73)
	at sf.l2j.commons.mmocore.SelectorThread.openServerSocket(SelectorThread.java:102)
	at sf.l2j.gameserver.GameServer.load(GameServer.java:312)
	at sf.l2j.gameserver.GameServer.main(GameServer.java:103)
[16.05.2021] [19:39:57] [ERROR] [sf.l2j.gameserver.GameServer]: FATAL: Failed to open server socket. Reason: Address already in use: bind
java.net.BindException: Address already in use: bind
	at java.base/sun.nio.ch.Net.bind0(Native Method)
	at java.base/sun.nio.ch.Net.bind(Net.java:461)
	at java.base/sun.nio.ch.Net.bind(Net.java:453)
	at java.base/sun.nio.ch.ServerSocketChannelImpl.bind(ServerSocketChannelImpl.java:227)
	at java.base/sun.nio.ch.ServerSocketAdaptor.bind(ServerSocketAdaptor.java:80)
	at java.base/sun.nio.ch.ServerSocketAdaptor.bind(ServerSocketAdaptor.java:73)
	at sf.l2j.commons.mmocore.SelectorThread.openServerSocket(SelectorThread.java:104)
	at sf.l2j.gameserver.GameServer.load(GameServer.java:312)
	at sf.l2j.gameserver.GameServer.main(GameServer.java:103)
[16.05.2021] [19:40:14] [ERROR] [sf.l2j.gameserver.GameServer]: FATAL: Failed to open server socket. Reason: Address already in use: bind
java.net.BindException: Address already in use: bind
	at java.base/sun.nio.ch.Net.bind0(Native Method)
	at java.base/sun.nio.ch.Net.bind(Net.java:461)
	at java.base/sun.nio.ch.Net.bind(Net.java:453)
	at java.base/sun.nio.ch.ServerSocketChannelImpl.bind(ServerSocketChannelImpl.java:227)
	at java.base/sun.nio.ch.ServerSocketAdaptor.bind(ServerSocketAdaptor.java:80)
	at java.base/sun.nio.ch.ServerSocketAdaptor.bind(ServerSocketAdaptor.java:73)
	at sf.l2j.commons.mmocore.SelectorThread.openServerSocket(SelectorThread.java:104)
	at sf.l2j.gameserver.GameServer.load(GameServer.java:312)
	at sf.l2j.gameserver.GameServer.main(GameServer.java:103)
[16.05.2021] [19:41:01] [ERROR] [sf.l2j.gameserver.GameServer]: FATAL: Failed to open server socket. Reason: Address already in use: bind
java.net.BindException: Address already in use: bind
	at java.base/sun.nio.ch.Net.bind0(Native Method)
	at java.base/sun.nio.ch.Net.bind(Net.java:461)
	at java.base/sun.nio.ch.Net.bind(Net.java:453)
	at java.base/sun.nio.ch.ServerSocketChannelImpl.bind(ServerSocketChannelImpl.java:227)
	at java.base/sun.nio.ch.ServerSocketAdaptor.bind(ServerSocketAdaptor.java:80)
	at java.base/sun.nio.ch.ServerSocketAdaptor.bind(ServerSocketAdaptor.java:73)
	at sf.l2j.commons.mmocore.SelectorThread.openServerSocket(SelectorThread.java:102)
	at sf.l2j.gameserver.GameServer.load(GameServer.java:312)
	at sf.l2j.gameserver.GameServer.main(GameServer.java:103)
[16.05.2021] [19:46:57] [WARN ] [sf.l2j.gameserver.model.WorldObject]: Can't find access level 100 for player admin
[16.05.2021] [19:50:38] [WARN ] [sf.l2j.gameserver.network.clientpackets.L2GameClientPacket]: No handler registered for admin command 'admin_rank'
